CP(1) Started.                  
CP(2) Started.                      
HC Started with 2 processes 1 and 2.                      
HC: Message sent (1, O_INSERT) to CP(1)                      
HC: Message sent (1, O_INSERT) to CP(2)                  
CP(2): (0,0,S_IDLE)----(1,O_INSERT)---->(50,1,S_SEARCH)                  
CP(2): Message sent (50, 1, S_SEARCH)              
CP(1): (0,0,S_IDLE)----(1,O_INSERT)---->(50,1,S_SEARCH)              
CP(1): Message sent (50, 1, S_SEARCH)                      
HC: [(1,O_INSERT,0),(1,O_INSERT,0)]----[(50,1,S_SEARCH),(50,1,S_SEARCH)]---->[(1,O_CONTINUE,0),(1,O_CONTINUE,0)]                      
HC: Message sent (1, O_CONTINUE) to CP(1)                      
HC: Message sent (1, O_CONTINUE) to CP(2)                  
CP(2): (50,1,S_SEARCH)----(1,O_CONTINUE)---->(50,1,S_INSERT)                  
CP(2): Message sent (50, 1, S_INSERT)              
CP(1): (50,1,S_SEARCH)----(1,O_CONTINUE)---->(50,1,S_INSERT)              
CP(1): Message sent (50, 1, S_INSERT)                      
HC: [(1,O_CONTINUE,0),(1,O_CONTINUE,0)]----[(50,1,S_INSERT),(50,1,S_INSERT)]---->[(1,O_CONTINUE,0),(0,O_CONTINUE,0)]                      
HC: Message sent (1, O_CONTINUE) to CP(1)                      
HC: Message sent (0, O_CONTINUE) to CP(2)                  
CP(2): (50,1,S_INSERT)----(0,O_CONTINUE)---->(50,1,S_INSERT)                  
CP(2): Message sent (50, 1, S_INSERT)              CP(1): Critical Value (before): 255, a: 0, b: 255,  c:50              
CP(1): (50,1,S_INSERT)----(1,O_CONTINUE)---->(0,0,S_IDLE)              
CP(1): Message sent (0, 0, S_IDLE)                      
HC: [(1,O_CONTINUE,0),(0,O_CONTINUE,0)]----[(0,0,S_IDLE),(50,1,S_INSERT)]---->[(1,O_INSERT,0),(1,O_CONTINUE,0)]                      
HC: Message sent (1, O_INSERT) to CP(1)                      
HC: Message sent (1, O_CONTINUE) to CP(2)                  
CP(2): 50 already exists at index 3. Skipping the insert                  
CP(2): (50,1,S_INSERT)----(1,O_CONTINUE)---->(0,0,S_IDLE)                  
CP(2): Message sent (0, 0, S_IDLE)              
CP(1): (0,0,S_IDLE)----(1,O_INSERT)---->(51,1,S_SEARCH)              
CP(1): Message sent (51, 1, S_SEARCH)                      
HC: [(1,O_INSERT,0),(1,O_CONTINUE,0)]----[(51,1,S_SEARCH),(0,0,S_IDLE)]---->[(1,O_CONTINUE,0),(1,O_INSERT,0)]                      
HC: Message sent (1, O_CONTINUE) to CP(1)                      
HC: Message sent (1, O_INSERT) to CP(2)                  
CP(2): (0,0,S_IDLE)----(1,O_INSERT)---->(51,1,S_SEARCH)                  
CP(2): Message sent (51, 1, S_SEARCH)              
CP(1): (51,1,S_SEARCH)----(1,O_CONTINUE)---->(51,3,S_SEARCH)              
CP(1): Message sent (51, 3, S_SEARCH)                      
HC: [(1,O_CONTINUE,0),(1,O_INSERT,0)]----[(51,3,S_SEARCH),(51,1,S_SEARCH)]---->[(1,O_CONTINUE,0),(1,O_CONTINUE,0)]                      
HC: Message sent (1, O_CONTINUE) to CP(1)                      
HC: Message sent (1, O_CONTINUE) to CP(2)                  
CP(2): (51,1,S_SEARCH)----(1,O_CONTINUE)---->(51,3,S_SEARCH)                  
CP(2): Message sent (51, 3, S_SEARCH)              
CP(1): (51,3,S_SEARCH)----(1,O_CONTINUE)---->(51,3,S_INSERT)              
CP(1): Message sent (51, 3, S_INSERT)                      
HC: [(1,O_CONTINUE,0),(1,O_CONTINUE,0)]----[(51,3,S_INSERT),(51,3,S_SEARCH)]---->[(1,O_CONTINUE,0),(1,O_CONTINUE,0)]                      
HC: Message sent (1, O_CONTINUE) to CP(1)                      
HC: Message sent (1, O_CONTINUE) to CP(2)                  
CP(2): (51,3,S_SEARCH)----(1,O_CONTINUE)---->(51,3,S_INSERT)                  
CP(2): Message sent (51, 3, S_INSERT)              CP(1): Critical Value (before): 10250, a: 50, b: 255,  c:51              
CP(1): (51,3,S_INSERT)----(1,O_CONTINUE)---->(0,0,S_IDLE)              
CP(1): Message sent (0, 0, S_IDLE)                      
HC: [(1,O_CONTINUE,0),(1,O_CONTINUE,0)]----[(0,0,S_IDLE),(51,3,S_INSERT)]---->[(1,O_INSERT,0),(1,O_CONTINUE,0)]                      
HC: Message sent (1, O_INSERT) to CP(1)                      
HC: Message sent (1, O_CONTINUE) to CP(2)                  
CP(2): 51 already exists at index 4. Skipping the insert                  
CP(2): (51,3,S_INSERT)----(1,O_CONTINUE)---->(0,0,S_IDLE)                  
CP(2): Message sent (0, 0, S_IDLE)              
CP(1): (0,0,S_IDLE)----(1,O_INSERT)---->(1,1,S_SEARCH)              
CP(1): Message sent (1, 1, S_SEARCH)                      
HC: [(1,O_INSERT,0),(1,O_CONTINUE,0)]----[(1,1,S_SEARCH),(0,0,S_IDLE)]---->[(1,O_CONTINUE,0),(1,O_INSERT,0)]                      
HC: Message sent (1, O_CONTINUE) to CP(1)                      
HC: Message sent (1, O_INSERT) to CP(2)                  
CP(2): (0,0,S_IDLE)----(1,O_INSERT)---->(2,1,S_SEARCH)                  
CP(2): Message sent (2, 1, S_SEARCH)              
CP(1): (1,1,S_SEARCH)----(1,O_CONTINUE)---->(1,1,S_INSERT)              
CP(1): Message sent (1, 1, S_INSERT)                      
HC: [(1,O_CONTINUE,0),(1,O_INSERT,0)]----[(1,1,S_INSERT),(2,1,S_SEARCH)]---->[(1,O_CONTINUE,0),(1,O_CONTINUE,0)]                      
HC: Message sent (1, O_CONTINUE) to CP(1)                      
HC: Message sent (1, O_CONTINUE) to CP(2)                  
CP(2): (2,1,S_SEARCH)----(1,O_CONTINUE)---->(2,1,S_INSERT)                  
CP(2): Message sent (2, 1, S_INSERT)              CP(1): Critical Value (before): 10200, a: 0, b: 50,  c:1              
CP(1): (1,1,S_INSERT)----(1,O_CONTINUE)---->(0,0,S_IDLE)              
CP(1): Message sent (0, 0, S_IDLE)                      
HC: [(1,O_CONTINUE,0),(1,O_CONTINUE,0)]----[(0,0,S_IDLE),(2,1,S_INSERT)]---->[(1,O_INSERT,0),(1,O_CONTINUE,0)]                      
HC: Message sent (1, O_INSERT) to CP(1)                      
HC: Message sent (1, O_CONTINUE) to CP(2)                  
CP(2): Critical Value (before): 9996, a: 0, b: 1,  

****Trail ends after 939 steps (Critical_val goes negative ****
